Flow report for Meio_Somador
Thu Oct 27 09:01:46 2016
Quartus Prime Version 16.0.0 Build 211 04/27/2016 SJ Lite Edition


---------------------
; Table of Contents ;
---------------------
  1. Legal Notice
  2. Flow Summary
  3. Flow Settings
  4. Flow Non-Default Global Settings
  5. Flow Elapsed Time
  6. Flow OS Summary
  7. Flow Log
  8. Flow Messages
  9. Flow Suppressed Messages



----------------
; Legal Notice ;
----------------
Copyright (C) 1991-2016 Altera Corporation. All rights reserved.
Your use of Altera Corporation's design tools, logic functions 
and other software and tools, and its AMPP partner logic 
functions, and any output files from any of the foregoing 
(including device programming or simulation files), and any 
associated documentation or information are expressly subject 
to the terms and conditions of the Altera Program License 
Subscription Agreement, the Altera Quartus Prime License Agreement,
the Altera MegaCore Function License Agreement, or other 
applicable license agreement, including, without limitation, 
that your use is for the sole purpose of programming logic 
devices manufactured by Altera and sold by Altera or its 
authorized distributors.  Please refer to the applicable 
agreement for further details.



+----------------------------------------------------------------------------------+
; Flow Summary                                                                     ;
+------------------------------------+---------------------------------------------+
; Flow Status                        ; Successful - Thu Oct 27 09:01:46 2016       ;
; Quartus Prime Version              ; 16.0.0 Build 211 04/27/2016 SJ Lite Edition ;
; Revision Name                      ; Meio_Somador                                ;
; Top-level Entity Name              ; Meio_Somador                                ;
; Family                             ; Cyclone IV E                                ;
; Device                             ; EP4CE6E22A7                                 ;
; Timing Models                      ; Final                                       ;
; Total logic elements               ; 2 / 6,272 ( < 1 % )                         ;
;     Total combinational functions  ; 2 / 6,272 ( < 1 % )                         ;
;     Dedicated logic registers      ; 0 / 6,272 ( 0 % )                           ;
; Total registers                    ; 0                                           ;
; Total pins                         ; 4 / 92 ( 4 % )                              ;
; Total virtual pins                 ; 0                                           ;
; Total memory bits                  ; 0 / 276,480 ( 0 % )                         ;
; Embedded Multiplier 9-bit elements ; 0 / 30 ( 0 % )                              ;
; Total PLLs                         ; 0 / 2 ( 0 % )                               ;
+------------------------------------+---------------------------------------------+


+-----------------------------------------+
; Flow Settings                           ;
+-------------------+---------------------+
; Option            ; Setting             ;
+-------------------+---------------------+
; Start date & time ; 10/26/2016 15:40:45 ;
; Main task         ; Compilation         ;
; Revision Name     ; Meio_Somador        ;
+-------------------+---------------------+


+----------------------------------------------------------------------------------------------------------------+
; Flow Non-Default Global Settings                                                                               ;
+-------------------------------------+---------------------------+---------------+-------------+----------------+
; Assignment Name                     ; Value                     ; Default Value ; Entity Name ; Section Id     ;
+-------------------------------------+---------------------------+---------------+-------------+----------------+
; COMPILER_SIGNATURE_ID               ; 0.147750724522594         ; --            ; --          ; --             ;
; EDA_OUTPUT_DATA_FORMAT              ; Verilog Hdl               ; --            ; --          ; eda_simulation ;
; EDA_SIMULATION_TOOL                 ; ModelSim-Altera (Verilog) ; <None>        ; --          ; --             ;
; EDA_TIME_SCALE                      ; 1 ps                      ; --            ; --          ; eda_simulation ;
; MAX_CORE_JUNCTION_TEMP              ; 125                       ; --            ; --          ; --             ;
; MIN_CORE_JUNCTION_TEMP              ; -40                       ; --            ; --          ; --             ;
; NOMINAL_CORE_SUPPLY_VOLTAGE         ; 1.2V                      ; --            ; --          ; --             ;
; PARTITION_COLOR                     ; 16764057                  ; --            ; --          ; Top            ;
; PARTITION_FITTER_PRESERVATION_LEVEL ; PLACEMENT_AND_ROUTING     ; --            ; --          ; Top            ;
; PARTITION_NETLIST_TYPE              ; SOURCE                    ; --            ; --          ; Top            ;
; PROJECT_OUTPUT_DIRECTORY            ; output_files              ; --            ; --          ; --             ;
+-------------------------------------+---------------------------+---------------+-------------+----------------+


+-------------------------------------------------------------------------------------------------------------------------------+
; Flow Elapsed Time                                                                                                             ;
+---------------------------+--------------+-------------------------+---------------------+------------------------------------+
; Module Name               ; Elapsed Time ; Average Processors Used ; Peak Virtual Memory ; Total CPU Time (on all processors) ;
+---------------------------+--------------+-------------------------+---------------------+------------------------------------+
; Analysis & Synthesis      ; 00:00:16     ; 1.0                     ; 1165 MB             ; 00:00:32                           ;
; Fitter                    ; 00:00:10     ; 1.0                     ; 1353 MB             ; 00:00:05                           ;
; Assembler                 ; 00:00:01     ; 1.0                     ; 1054 MB             ; 00:00:01                           ;
; TimeQuest Timing Analyzer ; 00:00:02     ; 1.0                     ; 1062 MB             ; 00:00:01                           ;
; EDA Netlist Writer        ; 00:00:01     ; 1.0                     ; 1299 MB             ; 00:00:01                           ;
; EDA Netlist Writer        ; 00:00:00     ; 1.0                     ; 1289 MB             ; 00:00:00                           ;
; EDA Netlist Writer        ; 00:00:01     ; 1.0                     ; 1301 MB             ; 00:00:01                           ;
; EDA Netlist Writer        ; 00:00:01     ; 1.0                     ; 1289 MB             ; 00:00:00                           ;
; EDA Netlist Writer        ; 00:00:00     ; 1.0                     ; 1301 MB             ; 00:00:01                           ;
; EDA Netlist Writer        ; 00:00:00     ; 1.0                     ; 1289 MB             ; 00:00:00                           ;
; EDA Netlist Writer        ; 00:00:01     ; 1.0                     ; 1301 MB             ; 00:00:01                           ;
; EDA Netlist Writer        ; 00:00:00     ; 1.0                     ; 1289 MB             ; 00:00:00                           ;
; EDA Netlist Writer        ; 00:00:01     ; 1.0                     ; 1299 MB             ; 00:00:01                           ;
; EDA Netlist Writer        ; 00:00:00     ; 1.0                     ; 1289 MB             ; 00:00:00                           ;
; EDA Netlist Writer        ; 00:00:00     ; 1.0                     ; 1289 MB             ; 00:00:00                           ;
; EDA Netlist Writer        ; 00:00:01     ; 1.0                     ; 1301 MB             ; 00:00:01                           ;
; EDA Netlist Writer        ; 00:00:01     ; 1.0                     ; 1289 MB             ; 00:00:01                           ;
; EDA Netlist Writer        ; 00:00:01     ; 1.0                     ; 1301 MB             ; 00:00:01                           ;
; EDA Netlist Writer        ; 00:00:01     ; 1.0                     ; 1289 MB             ; 00:00:01                           ;
; EDA Netlist Writer        ; 00:00:01     ; 1.0                     ; 1301 MB             ; 00:00:01                           ;
; EDA Netlist Writer        ; 00:00:00     ; 1.0                     ; 1289 MB             ; 00:00:01                           ;
; EDA Netlist Writer        ; 00:00:01     ; 1.0                     ; 1301 MB             ; 00:00:01                           ;
; EDA Netlist Writer        ; 00:00:01     ; 1.0                     ; 1289 MB             ; 00:00:00                           ;
; EDA Netlist Writer        ; 00:00:00     ; 1.0                     ; 1300 MB             ; 00:00:01                           ;
; EDA Netlist Writer        ; 00:00:01     ; 1.0                     ; 1289 MB             ; 00:00:01                           ;
; EDA Netlist Writer        ; 00:00:01     ; 1.0                     ; 1301 MB             ; 00:00:01                           ;
; Total                     ; 00:00:43     ; --                      ; --                  ; 00:00:54                           ;
+---------------------------+--------------+-------------------------+---------------------+------------------------------------+


+--------------------------------------------------------------------------------------------------+
; Flow OS Summary                                                                                  ;
+---------------------------+-----------------------+----------------+------------+----------------+
; Module Name               ; Machine Hostname      ; OS Name        ; OS Version ; Processor type ;
+---------------------------+-----------------------+----------------+------------+----------------+
; Analysis & Synthesis      ; alberto-Aspire-E1-571 ; Ubuntu 16.04.1 ; 16         ; x86_64         ;
; Fitter                    ; alberto-Aspire-E1-571 ; Ubuntu 16.04.1 ; 16         ; x86_64         ;
; Assembler                 ; alberto-Aspire-E1-571 ; Ubuntu 16.04.1 ; 16         ; x86_64         ;
; TimeQuest Timing Analyzer ; alberto-Aspire-E1-571 ; Ubuntu 16.04.1 ; 16         ; x86_64         ;
; EDA Netlist Writer        ; alberto-Aspire-E1-571 ; Ubuntu 16.04.1 ; 16         ; x86_64         ;
; EDA Netlist Writer        ; alberto-Aspire-E1-571 ; Ubuntu 16.04.1 ; 16         ; x86_64         ;
; EDA Netlist Writer        ; alberto-Aspire-E1-571 ; Ubuntu 16.04.1 ; 16         ; x86_64         ;
; EDA Netlist Writer        ; alberto-Aspire-E1-571 ; Ubuntu 16.04.1 ; 16         ; x86_64         ;
; EDA Netlist Writer        ; alberto-Aspire-E1-571 ; Ubuntu 16.04.1 ; 16         ; x86_64         ;
; EDA Netlist Writer        ; alberto-Aspire-E1-571 ; Ubuntu 16.04.1 ; 16         ; x86_64         ;
; EDA Netlist Writer        ; alberto-Aspire-E1-571 ; Ubuntu 16.04.1 ; 16         ; x86_64         ;
; EDA Netlist Writer        ; alberto-Aspire-E1-571 ; Ubuntu 16.04.1 ; 16         ; x86_64         ;
; EDA Netlist Writer        ; alberto-Aspire-E1-571 ; Ubuntu 16.04.1 ; 16         ; x86_64         ;
; EDA Netlist Writer        ; alberto-Aspire-E1-571 ; Ubuntu 16.04.1 ; 16         ; x86_64         ;
; EDA Netlist Writer        ; alberto-Aspire-E1-571 ; Ubuntu 16.04.1 ; 16         ; x86_64         ;
; EDA Netlist Writer        ; alberto-Aspire-E1-571 ; Ubuntu 16.04.1 ; 16         ; x86_64         ;
; EDA Netlist Writer        ; alberto-Aspire-E1-571 ; Ubuntu 16.04.1 ; 16         ; x86_64         ;
; EDA Netlist Writer        ; alberto-Aspire-E1-571 ; Ubuntu 16.04.1 ; 16         ; x86_64         ;
; EDA Netlist Writer        ; alberto-Aspire-E1-571 ; Ubuntu 16.04.1 ; 16         ; x86_64         ;
; EDA Netlist Writer        ; alberto-Aspire-E1-571 ; Ubuntu 16.04.1 ; 16         ; x86_64         ;
; EDA Netlist Writer        ; alberto-Aspire-E1-571 ; Ubuntu 16.04.1 ; 16         ; x86_64         ;
; EDA Netlist Writer        ; alberto-Aspire-E1-571 ; Ubuntu 16.04.1 ; 16         ; x86_64         ;
; EDA Netlist Writer        ; alberto-Aspire-E1-571 ; Ubuntu 16.04.1 ; 16         ; x86_64         ;
; EDA Netlist Writer        ; alberto-Aspire-E1-571 ; Ubuntu 16.04.1 ; 16         ; x86_64         ;
; EDA Netlist Writer        ; alberto-Aspire-E1-571 ; Ubuntu 16.04.1 ; 16         ; x86_64         ;
; EDA Netlist Writer        ; alberto-Aspire-E1-571 ; Ubuntu 16.04.1 ; 16         ; x86_64         ;
+---------------------------+-----------------------+----------------+------------+----------------+


------------
; Flow Log ;
------------
quartus_map --read_settings_files=on --write_settings_files=off Meio_Somador -c Meio_Somador
quartus_fit --read_settings_files=off --write_settings_files=off Meio_Somador -c Meio_Somador
quartus_asm --read_settings_files=off --write_settings_files=off Meio_Somador -c Meio_Somador
quartus_sta Meio_Somador -c Meio_Somador
quartus_eda --read_settings_files=off --write_settings_files=off Meio_Somador -c Meio_Somador
quartus_eda --gen_testbench --tool=modelsim_oem --format=verilog --write_settings_files=off Meio_Somador -c Meio_Somador --vector_source=/home/alberto/PEM/Somador/tb_Meio_Somador.vwf --testbench_file=/home/alberto/PEM/Somador/simulation/qsim/tb_Meio_Somador.vwf.vt
quartus_eda --write_settings_files=off --functional=off --flatten_buses=off --timescale=1ps --simulation=on --tool=modelsim_oem --format=verilog --output_directory=/home/alberto/PEM/Somador/simulation/qsim/ Meio_Somador -c Meio_Somador
quartus_eda --gen_testbench --tool=modelsim_oem --format=verilog --write_settings_files=off Meio_Somador -c Meio_Somador --vector_source=/home/alberto/PEM/Somador/tb_Meio_Somador.vwf --testbench_file=/home/alberto/PEM/Somador/simulation/qsim/tb_Meio_Somador.vwf.vt
quartus_eda --write_settings_files=off --functional=off --flatten_buses=off --timescale=1ps --simulation=on --tool=modelsim_oem --format=verilog --output_directory=/home/alberto/PEM/Somador/simulation/qsim/ Meio_Somador -c Meio_Somador
quartus_eda --gen_testbench --tool=modelsim_oem --format=verilog --write_settings_files=off Meio_Somador -c Meio_Somador --vector_source=/home/alberto/PEM/Somador/tb_Meio_Somador.vwf --testbench_file=/home/alberto/PEM/Somador/simulation/qsim/tb_Meio_Somador.vwf.vt
quartus_eda --write_settings_files=off --functional=off --flatten_buses=off --timescale=1ps --simulation=on --tool=modelsim_oem --format=verilog --output_directory=/home/alberto/PEM/Somador/simulation/qsim/ Meio_Somador -c Meio_Somador
quartus_eda --gen_testbench --tool=modelsim_oem --format=verilog --write_settings_files=off Meio_Somador -c Meio_Somador --vector_source=/home/alberto/PEM/Somador/tb_Meio_Somador.vwf --testbench_file=/home/alberto/PEM/Somador/simulation/qsim/tb_Meio_Somador.vwf.vt
quartus_eda --write_settings_files=off --functional=off --flatten_buses=off --timescale=1ps --simulation=on --tool=modelsim_oem --format=verilog --output_directory=/home/alberto/PEM/Somador/simulation/qsim/ Meio_Somador -c Meio_Somador
quartus_eda --gen_testbench --tool=modelsim_oem --format=verilog --write_settings_files=off Meio_Somador -c Meio_Somador --vector_source=/home/alberto/PEM/Somador/tb_Meio_Somador.vwf --testbench_file=/home/alberto/PEM/Somador/simulation/modelsim/tb_Meio_Somador.vwf.vt
quartus_eda --gen_testbench --tool=modelsim_oem --format=verilog --write_settings_files=off Meio_Somador -c Meio_Somador --vector_source=/home/alberto/PEM/Somador/tb_Meio_Somador.vwf --testbench_file=/home/alberto/PEM/Somador/simulation/qsim/tb_Meio_Somador.vwf.vt
quartus_eda --write_settings_files=off --functional=off --flatten_buses=off --timescale=1ps --simulation=on --tool=modelsim_oem --format=verilog --output_directory=/home/alberto/PEM/Somador/simulation/qsim/ Meio_Somador -c Meio_Somador
quartus_eda --gen_testbench --tool=modelsim_oem --format=verilog --write_settings_files=off Meio_Somador -c Meio_Somador --vector_source=/home/alberto/PEM/Somador/tb_Meio_Somador.vwf --testbench_file=/home/alberto/PEM/Somador/simulation/qsim/tb_Meio_Somador.vwf.vt
quartus_eda --write_settings_files=off --functional=off --flatten_buses=off --timescale=1ps --simulation=on --tool=modelsim_oem --format=verilog --output_directory=/home/alberto/PEM/Somador/simulation/qsim/ Meio_Somador -c Meio_Somador
quartus_eda --gen_testbench --tool=modelsim_oem --format=verilog --write_settings_files=off Meio_Somador -c Meio_Somador --vector_source=/home/alberto/PEM/Somador/tb_Meio_Somador.vwf --testbench_file=/home/alberto/PEM/Somador/simulation/qsim/tb_Meio_Somador.vwf.vt
quartus_eda --write_settings_files=off --functional=off --flatten_buses=off --timescale=1ps --simulation=on --tool=modelsim_oem --format=verilog --output_directory=/home/alberto/PEM/Somador/simulation/qsim/ Meio_Somador -c Meio_Somador
quartus_eda --gen_testbench --tool=modelsim_oem --format=verilog --write_settings_files=off Meio_Somador -c Meio_Somador --vector_source=/home/alberto/PEM/Somador/tb_Meio_Somador.vwf --testbench_file=/home/alberto/PEM/Somador/simulation/qsim/tb_Meio_Somador.vwf.vt
quartus_eda --write_settings_files=off --functional=off --flatten_buses=off --timescale=1ps --simulation=on --tool=modelsim_oem --format=verilog --output_directory=/home/alberto/PEM/Somador/simulation/qsim/ Meio_Somador -c Meio_Somador
quartus_eda --gen_testbench --tool=modelsim_oem --format=verilog --write_settings_files=off Meio_Somador -c Meio_Somador --vector_source=/home/alberto/PEM/Somador/tb_Meio_Somador.vwf --testbench_file=/home/alberto/PEM/Somador/simulation/qsim/tb_Meio_Somador.vwf.vt
quartus_eda --write_settings_files=off --functional=off --flatten_buses=off --timescale=1ps --simulation=on --tool=modelsim_oem --format=verilog --output_directory=/home/alberto/PEM/Somador/simulation/qsim/ Meio_Somador -c Meio_Somador
quartus_eda --gen_testbench --tool=modelsim_oem --format=verilog --write_settings_files=off Meio_Somador -c Meio_Somador --vector_source=/home/alberto/PEM/Somador/tb_Meio_Somador.vwf --testbench_file=/home/alberto/PEM/Somador/simulation/qsim/tb_Meio_Somador.vwf.vt
quartus_eda --write_settings_files=off --functional=off --flatten_buses=off --timescale=1ps --simulation=on --tool=modelsim_oem --format=verilog --output_directory=/home/alberto/PEM/Somador/simulation/qsim/ Meio_Somador -c Meio_Somador



